[error] Couldn't run bloopGenerate. Cause: Incomplete(node=Some(Task(_)), tpe=Error, msg=None, causes=List(Incomplete(node=Some(Task(_)), tpe=Error, msg=None, causes=List(Incomplete(node=Some(Task((tags: Map(Tag(update) -> 1, Tag(network) -> 1), taskDefinitionKey: ScopedKey(Scope(Select(ProjectRef(file:/Users/ewanhardingham/dev/advent-of-code/,root)), Zero, Zero, Zero),updateClassifiers)))), tpe=Error, msg=None, causes=List(Incomplete(node=Some(Task((taskDefinitionKey: ScopedKey(Scope(Select(ProjectRef(file:/Users/ewanhardingham/dev/advent-of-code/,root)), Zero, Select(updateClassifiers), Zero),classifiersModule)))), tpe=Error, msg=None, causes=List(Incomplete(node=Some(Task((taskDefinitionKey: ScopedKey(Scope(Select(ProjectRef(file:/Users/ewanhardingham/dev/advent-of-code/,root)), Zero, Zero, Zero),update)))), tpe=Error, msg=None, causes=List(Incomplete(node=Some(Task((tags: Map(Tag(update) -> 1, Tag(network) -> 1), taskDefinitionKey: ScopedKey(Scope(Select(ProjectRef(file:/Users/ewanhardingham/dev/advent-of-code/,root)), Zero, Zero, Zero),update)))), tpe=Error, msg=None, causes=List(), directCause=Some(sbt.librarymanagement.ResolveException: Error downloading org.typelevel:cats-effect-testing-scalatest_2.13:1.4.3
[error]   Not found
[error]   Not found
[error]   not found: /Users/ewanhardingham/.ivy2/localorg.typelevel/cats-effect-testing-scalatest_2.13/1.4.3/ivys/ivy.xml
[error]   not found: https://repo1.maven.org/maven2/org/typelevel/cats-effect-testing-scalatest_2.13/1.4.3/cats-effect-testing-scalatest_2.13-1.4.3.pom))), directCause=None)), directCause=None)), directCause=None)), directCause=None), Incomplete(node=Some(Task((taskDefinitionKey: ScopedKey(Scope(Select(ProjectRef(file:/Users/ewanhardingham/dev/advent-of-code/,root)), Zero, Zero, Zero),update)))), tpe=Error, msg=None, causes=List(Incomplete(node=Some(Task((tags: Map(Tag(update) -> 1, Tag(network) -> 1), taskDefinitionKey: ScopedKey(Scope(Select(ProjectRef(file:/Users/ewanhardingham/dev/advent-of-code/,root)), Zero, Zero, Zero),update)))), tpe=Error, msg=None, causes=List(), directCause=Some(sbt.librarymanagement.ResolveException: Error downloading org.typelevel:cats-effect-testing-scalatest_2.13:1.4.3
[error]   Not found
[error]   Not found
[error]   not found: /Users/ewanhardingham/.ivy2/localorg.typelevel/cats-effect-testing-scalatest_2.13/1.4.3/ivys/ivy.xml
[error]   not found: https://repo1.maven.org/maven2/org/typelevel/cats-effect-testing-scalatest_2.13/1.4.3/cats-effect-testing-scalatest_2.13-1.4.3.pom))), directCause=None), Incomplete(node=Some(Task(_)), tpe=Error, msg=None, causes=List(Incomplete(node=Some(Task(_)), tpe=Error, msg=None, causes=List(Incomplete(node=Some(Task((taskDefinitionKey: ScopedKey(Scope(Select(ProjectRef(file:/Users/ewanhardingham/dev/advent-of-code/,root)), Select(ConfigKey(test)), Zero, Zero),externalDependencyClasspath)))), tpe=Error, msg=None, causes=List(Incomplete(node=Some(Task(_)), tpe=Error, msg=None, causes=List(Incomplete(node=Some(Task((taskDefinitionKey: ScopedKey(Scope(Select(ProjectRef(file:/Users/ewanhardingham/dev/advent-of-code/,root)), Select(ConfigKey(test)), Zero, Zero),managedClasspath)))), tpe=Error, msg=None, causes=List(Incomplete(node=Some(Task(_)), tpe=Error, msg=None, causes=List(Incomplete(node=Some(Task((taskDefinitionKey: ScopedKey(Scope(Select(ProjectRef(file:/Users/ewanhardingham/dev/advent-of-code/,root)), Zero, Zero, Zero),update)))), tpe=Error, msg=None, causes=List(Incomplete(node=Some(Task((tags: Map(Tag(update) -> 1, Tag(network) -> 1), taskDefinitionKey: ScopedKey(Scope(Select(ProjectRef(file:/Users/ewanhardingham/dev/advent-of-code/,root)), Zero, Zero, Zero),update)))), tpe=Error, msg=None, causes=List(), directCause=Some(sbt.librarymanagement.ResolveException: Error downloading org.typelevel:cats-effect-testing-scalatest_2.13:1.4.3
[error]   Not found
[error]   Not found
[error]   not found: /Users/ewanhardingham/.ivy2/localorg.typelevel/cats-effect-testing-scalatest_2.13/1.4.3/ivys/ivy.xml
[error]   not found: https://repo1.maven.org/maven2/org/typelevel/cats-effect-testing-scalatest_2.13/1.4.3/cats-effect-testing-scalatest_2.13-1.4.3.pom))), directCause=None), Incomplete(node=Some(Task((taskDefinitionKey: ScopedKey(Scope(Select(ProjectRef(file:/Users/ewanhardingham/dev/advent-of-code/,root)), Select(ConfigKey(test)), Zero, Zero),classpathConfiguration)))), tpe=Error, msg=None, causes=List(Incomplete(node=Some(Task((taskDefinitionKey: ScopedKey(Scope(Select(ProjectRef(file:/Users/ewanhardingham/dev/advent-of-code/,root)), Zero, Zero, Zero),update)))), tpe=Error, msg=None, causes=List(Incomplete(node=Some(Task((tags: Map(Tag(update) -> 1, Tag(network) -> 1), taskDefinitionKey: ScopedKey(Scope(Select(ProjectRef(file:/Users/ewanhardingham/dev/advent-of-code/,root)), Zero, Zero, Zero),update)))), tpe=Error, msg=None, causes=List(), directCause=Some(sbt.librarymanagement.ResolveException: Error downloading org.typelevel:cats-effect-testing-scalatest_2.13:1.4.3
[error]   Not found
[error]   Not found
[error]   not found: /Users/ewanhardingham/.ivy2/localorg.typelevel/cats-effect-testing-scalatest_2.13/1.4.3/ivys/ivy.xml
[error]   not found: https://repo1.maven.org/maven2/org/typelevel/cats-effect-testing-scalatest_2.13/1.4.3/cats-effect-testing-scalatest_2.13-1.4.3.pom))), directCause=None), Incomplete(node=Some(Task((taskDefinitionKey: ScopedKey(Scope(Select(ProjectRef(file:/Users/ewanhardingham/dev/advent-of-code/,root)), Select(ConfigKey(runtime)), Zero, Zero),classpathConfiguration)))), tpe=Error, msg=None, causes=List(Incomplete(node=Some(Task((taskDefinitionKey: ScopedKey(Scope(Select(ProjectRef(file:/Users/ewanhardingham/dev/advent-of-code/,root)), Zero, Zero, Zero),update)))), tpe=Error, msg=None, causes=List(Incomplete(node=Some(Task((tags: Map(Tag(update) -> 1, Tag(network) -> 1), taskDefinitionKey: ScopedKey(Scope(Select(ProjectRef(file:/Users/ewanhardingham/dev/advent-of-code/,root)), Zero, Zero, Zero),update)))), tpe=Error, msg=None, causes=List(), directCause=Some(sbt.librarymanagement.ResolveException: Error downloading org.typelevel:cats-effect-testing-scalatest_2.13:1.4.3
[error]   Not found
[error]   Not found
[error]   not found: /Users/ewanhardingham/.ivy2/localorg.typelevel/cats-effect-testing-scalatest_2.13/1.4.3/ivys/ivy.xml
[error]   not found: https://repo1.maven.org/maven2/org/typelevel/cats-effect-testing-scalatest_2.13/1.4.3/cats-effect-testing-scalatest_2.13-1.4.3.pom))), directCause=None), Incomplete(node=Some(Task((taskDefinitionKey: ScopedKey(Scope(Select(ProjectRef(file:/Users/ewanhardingham/dev/advent-of-code/,root)), Select(ConfigKey(compile)), Zero, Zero),classpathConfiguration)))), tpe=Error, msg=None, causes=List(Incomplete(node=Some(Task((taskDefinitionKey: ScopedKey(Scope(Select(ProjectRef(file:/Users/ewanhardingham/dev/advent-of-code/,root)), Zero, Zero, Zero),update)))), tpe=Error, msg=None, causes=List(Incomplete(node=Some(Task((tags: Map(Tag(update) -> 1, Tag(network) -> 1), taskDefinitionKey: ScopedKey(Scope(Select(ProjectRef(file:/Users/ewanhardingham/dev/advent-of-code/,root)), Zero, Zero, Zero),update)))), tpe=Error, msg=None, causes=List(), directCause=Some(sbt.librarymanagement.ResolveException: Error downloading org.typelevel:cats-effect-testing-scalatest_2.13:1.4.3
[error]   Not found
[error]   Not found
[error]   not found: /Users/ewanhardingham/.ivy2/localorg.typelevel/cats-effect-testing-scalatest_2.13/1.4.3/ivys/ivy.xml
[error]   not found: https://repo1.maven.org/maven2/org/typelevel/cats-effect-testing-scalatest_2.13/1.4.3/cats-effect-testing-scalatest_2.13-1.4.3.pom))), directCause=None)), directCause=None)), directCause=None)), directCause=None)), directCause=None)), directCause=None)), directCause=None)), directCause=None)), directCause=None)), directCause=None), Incomplete(node=Some(Task((taskDefinitionKey: ScopedKey(Scope(Select(ProjectRef(file:/Users/ewanhardingham/dev/advent-of-code/,root)), Select(ConfigKey(test)), Zero, Zero),bloopInternalClasspath)))), tpe=Error, msg=None, causes=List(Incomplete(node=Some(Task(_)), tpe=Error, msg=None, causes=List(Incomplete(node=Some(Task((taskDefinitionKey: ScopedKey(Scope(Select(ProjectRef(file:/Users/ewanhardingham/dev/advent-of-code/,root)), Select(ConfigKey(test)), Zero, Zero),classpathConfiguration)))), tpe=Error, msg=None, causes=List(Incomplete(node=Some(Task((taskDefinitionKey: ScopedKey(Scope(Select(ProjectRef(file:/Users/ewanhardingham/dev/advent-of-code/,root)), Zero, Zero, Zero),update)))), tpe=Error, msg=None, causes=List(Incomplete(node=Some(Task((tags: Map(Tag(update) -> 1, Tag(network) -> 1), taskDefinitionKey: ScopedKey(Scope(Select(ProjectRef(file:/Users/ewanhardingham/dev/advent-of-code/,root)), Zero, Zero, Zero),update)))), tpe=Error, msg=None, causes=List(), directCause=Some(sbt.librarymanagement.ResolveException: Error downloading org.typelevel:cats-effect-testing-scalatest_2.13:1.4.3
[error]   Not found
[error]   Not found
[error]   not found: /Users/ewanhardingham/.ivy2/localorg.typelevel/cats-effect-testing-scalatest_2.13/1.4.3/ivys/ivy.xml
[error]   not found: https://repo1.maven.org/maven2/org/typelevel/cats-effect-testing-scalatest_2.13/1.4.3/cats-effect-testing-scalatest_2.13-1.4.3.pom))), directCause=None), Incomplete(node=Some(Task((taskDefinitionKey: ScopedKey(Scope(Select(ProjectRef(file:/Users/ewanhardingham/dev/advent-of-code/,root)), Select(ConfigKey(runtime)), Zero, Zero),classpathConfiguration)))), tpe=Error, msg=None, causes=List(Incomplete(node=Some(Task((taskDefinitionKey: ScopedKey(Scope(Select(ProjectRef(file:/Users/ewanhardingham/dev/advent-of-code/,root)), Zero, Zero, Zero),update)))), tpe=Error, msg=None, causes=List(Incomplete(node=Some(Task((tags: Map(Tag(update) -> 1, Tag(network) -> 1), taskDefinitionKey: ScopedKey(Scope(Select(ProjectRef(file:/Users/ewanhardingham/dev/advent-of-code/,root)), Zero, Zero, Zero),update)))), tpe=Error, msg=None, causes=List(), directCause=Some(sbt.librarymanagement.ResolveException: Error downloading org.typelevel:cats-effect-testing-scalatest_2.13:1.4.3
[error]   Not found
[error]   Not found
[error]   not found: /Users/ewanhardingham/.ivy2/localorg.typelevel/cats-effect-testing-scalatest_2.13/1.4.3/ivys/ivy.xml
[error]   not found: https://repo1.maven.org/maven2/org/typelevel/cats-effect-testing-scalatest_2.13/1.4.3/cats-effect-testing-scalatest_2.13-1.4.3.pom))), directCause=None), Incomplete(node=Some(Task((taskDefinitionKey: ScopedKey(Scope(Select(ProjectRef(file:/Users/ewanhardingham/dev/advent-of-code/,root)), Select(ConfigKey(compile)), Zero, Zero),classpathConfiguration)))), tpe=Error, msg=None, causes=List(Incomplete(node=Some(Task((taskDefinitionKey: ScopedKey(Scope(Select(ProjectRef(file:/Users/ewanhardingham/dev/advent-of-code/,root)), Zero, Zero, Zero),update)))), tpe=Error, msg=None, causes=List(Incomplete(node=Some(Task((tags: Map(Tag(update) -> 1, Tag(network) -> 1), taskDefinitionKey: ScopedKey(Scope(Select(ProjectRef(file:/Users/ewanhardingham/dev/advent-of-code/,root)), Zero, Zero, Zero),update)))), tpe=Error, msg=None, causes=List(), directCause=Some(sbt.librarymanagement.ResolveException: Error downloading org.typelevel:cats-effect-testing-scalatest_2.13:1.4.3
[error]   Not found
[error]   Not found
[error]   not found: /Users/ewanhardingham/.ivy2/localorg.typelevel/cats-effect-testing-scalatest_2.13/1.4.3/ivys/ivy.xml
[error]   not found: https://repo1.maven.org/maven2/org/typelevel/cats-effect-testing-scalatest_2.13/1.4.3/cats-effect-testing-scalatest_2.13-1.4.3.pom))), directCause=None)), directCause=None)), directCause=None)), directCause=None)), directCause=None)), directCause=None), Incomplete(node=Some(Task((taskDefinitionKey: ScopedKey(Scope(Select(ProjectRef(file:/Users/ewanhardingham/dev/advent-of-code/,root)), Select(ConfigKey(test)), Zero, Zero),scalacOptions)))), tpe=Error, msg=None, causes=List(Incomplete(node=Some(Task((taskDefinitionKey: ScopedKey(Scope(Select(ProjectRef(file:/Users/ewanhardingham/dev/advent-of-code/,root)), Select(ConfigKey(test)), Zero, Zero),scalacOptions)))), tpe=Error, msg=None, causes=List(Incomplete(node=Some(Task((taskDefinitionKey: ScopedKey(Scope(Select(ProjectRef(file:/Users/ewanhardingham/dev/advent-of-code/,root)), Select(ConfigKey(test)), Zero, Zero),scalacOptions)))), tpe=Error, msg=None, causes=List(Incomplete(node=Some(Task((taskDefinitionKey: ScopedKey(Scope(Select(ProjectRef(file:/Users/ewanhardingham/dev/advent-of-code/,root)), Zero, Zero, Zero),update)))), tpe=Error, msg=None, causes=List(Incomplete(node=Some(Task((tags: Map(Tag(update) -> 1, Tag(network) -> 1), taskDefinitionKey: ScopedKey(Scope(Select(ProjectRef(file:/Users/ewanhardingham/dev/advent-of-code/,root)), Zero, Zero, Zero),update)))), tpe=Error, msg=None, causes=List(), directCause=Some(sbt.librarymanagement.ResolveException: Error downloading org.typelevel:cats-effect-testing-scalatest_2.13:1.4.3
[error]   Not found
[error]   Not found
[error]   not found: /Users/ewanhardingham/.ivy2/localorg.typelevel/cats-effect-testing-scalatest_2.13/1.4.3/ivys/ivy.xml
[error]   not found: https://repo1.maven.org/maven2/org/typelevel/cats-effect-testing-scalatest_2.13/1.4.3/cats-effect-testing-scalatest_2.13-1.4.3.pom))), directCause=None), Incomplete(node=Some(Task((taskDefinitionKey: ScopedKey(Scope(Select(ProjectRef(file:/Users/ewanhardingham/dev/advent-of-code/,root)), Select(ConfigKey(test)), Zero, Zero),scalacOptions)))), tpe=Error, msg=None, causes=List(Incomplete(node=Some(Task((taskDefinitionKey: ScopedKey(Scope(Select(ProjectRef(file:/Users/ewanhardingham/dev/advent-of-code/,root)), Select(ConfigKey(test)), Zero, Zero),scalacOptions)))), tpe=Error, msg=None, causes=List(Incomplete(node=Some(Task((taskDefinitionKey: ScopedKey(Scope(Select(ProjectRef(file:/Users/ewanhardingham/dev/advent-of-code/,root)), Select(ConfigKey(compile)), Zero, Zero),scalacOptions)))), tpe=Error, msg=None, causes=List(Incomplete(node=Some(Task((taskDefinitionKey: ScopedKey(Scope(Select(ProjectRef(file:/Users/ewanhardingham/dev/advent-of-code/,root)), Select(ConfigKey(compile)), Zero, Zero),scalacOptions)))), tpe=Error, msg=None, causes=List(Incomplete(node=Some(Task((taskDefinitionKey: ScopedKey(Scope(Select(ProjectRef(file:/Users/ewanhardingham/dev/advent-of-code/,root)), Select(ConfigKey(compile)), Zero, Zero),scalacOptions)))), tpe=Error, msg=None, causes=List(Incomplete(node=Some(Task((taskDefinitionKey: ScopedKey(Scope(Select(ProjectRef(file:/Users/ewanhardingham/dev/advent-of-code/,root)), Select(ConfigKey(compile)), Zero, Zero),scalacOptions)))), tpe=Error, msg=None, causes=List(Incomplete(node=Some(Task((taskDefinitionKey: ScopedKey(Scope(Select(ProjectRef(file:/Users/ewanhardingham/dev/advent-of-code/,root)), Select(ConfigKey(compile)), Zero, Zero),scalacOptions)))), tpe=Error, msg=None, causes=List(Incomplete(node=Some(Task((taskDefinitionKey: ScopedKey(Scope(Select(ProjectRef(file:/Users/ewanhardingham/dev/advent-of-code/,root)), Zero, Zero, Zero),update)))), tpe=Error, msg=None, causes=List(Incomplete(node=Some(Task((tags: Map(Tag(update) -> 1, Tag(network) -> 1), taskDefinitionKey: ScopedKey(Scope(Select(ProjectRef(file:/Users/ewanhardingham/dev/advent-of-code/,root)), Zero, Zero, Zero),update)))), tpe=Error, msg=None, causes=List(), directCause=Some(sbt.librarymanagement.ResolveException: Error downloading org.typelevel:cats-effect-testing-scalatest_2.13:1.4.3
[error]   Not found
[error]   Not found
[error]   not found: /Users/ewanhardingham/.ivy2/localorg.typelevel/cats-effect-testing-scalatest_2.13/1.4.3/ivys/ivy.xml
[error]   not found: https://repo1.maven.org/maven2/org/typelevel/cats-effect-testing-scalatest_2.13/1.4.3/cats-effect-testing-scalatest_2.13-1.4.3.pom))), directCause=None)), directCause=None)), directCause=None)), directCause=None)), directCause=None)), directCause=None)), directCause=None)), directCause=None)), directCause=None)), directCause=None)), directCause=None), Incomplete(node=Some(Task(_)), tpe=Error, msg=None, causes=List(Incomplete(node=Some(Task((taskDefinitionKey: ScopedKey(Scope(Select(ProjectRef(file:/Users/ewanhardingham/dev/advent-of-code/,root)), Select(ConfigKey(test)), Zero, Zero),externalDependencyClasspath)))), tpe=Error, msg=None, causes=List(Incomplete(node=Some(Task(_)), tpe=Error, msg=None, causes=List(Incomplete(node=Some(Task((taskDefinitionKey: ScopedKey(Scope(Select(ProjectRef(file:/Users/ewanhardingham/dev/advent-of-code/,root)), Select(ConfigKey(test)), Zero, Zero),managedClasspath)))), tpe=Error, msg=None, causes=List(Incomplete(node=Some(Task(_)), tpe=Error, msg=None, causes=List(Incomplete(node=Some(Task((taskDefinitionKey: ScopedKey(Scope(Select(ProjectRef(file:/Users/ewanhardingham/dev/advent-of-code/,root)), Zero, Zero, Zero),update)))), tpe=Error, msg=None, causes=List(Incomplete(node=Some(Task((tags: Map(Tag(update) -> 1, Tag(network) -> 1), taskDefinitionKey: ScopedKey(Scope(Select(ProjectRef(file:/Users/ewanhardingham/dev/advent-of-code/,root)), Zero, Zero, Zero),update)))), tpe=Error, msg=None, causes=List(), directCause=Some(sbt.librarymanagement.ResolveException: Error downloading org.typelevel:cats-effect-testing-scalatest_2.13:1.4.3
[error]   Not found
[error]   Not found
[error]   not found: /Users/ewanhardingham/.ivy2/localorg.typelevel/cats-effect-testing-scalatest_2.13/1.4.3/ivys/ivy.xml
[error]   not found: https://repo1.maven.org/maven2/org/typelevel/cats-effect-testing-scalatest_2.13/1.4.3/cats-effect-testing-scalatest_2.13-1.4.3.pom))), directCause=None), Incomplete(node=Some(Task((taskDefinitionKey: ScopedKey(Scope(Select(ProjectRef(file:/Users/ewanhardingham/dev/advent-of-code/,root)), Select(ConfigKey(test)), Zero, Zero),classpathConfiguration)))), tpe=Error, msg=None, causes=List(Incomplete(node=Some(Task((taskDefinitionKey: ScopedKey(Scope(Select(ProjectRef(file:/Users/ewanhardingham/dev/advent-of-code/,root)), Zero, Zero, Zero),update)))), tpe=Error, msg=None, causes=List(Incomplete(node=Some(Task((tags: Map(Tag(update) -> 1, Tag(network) -> 1), taskDefinitionKey: ScopedKey(Scope(Select(ProjectRef(file:/Users/ewanhardingham/dev/advent-of-code/,root)), Zero, Zero, Zero),update)))), tpe=Error, msg=None, causes=List(), directCause=Some(sbt.librarymanagement.ResolveException: Error downloading org.typelevel:cats-effect-testing-scalatest_2.13:1.4.3
[error]   Not found
[error]   Not found
[error]   not found: /Users/ewanhardingham/.ivy2/localorg.typelevel/cats-effect-testing-scalatest_2.13/1.4.3/ivys/ivy.xml
[error]   not found: https://repo1.maven.org/maven2/org/typelevel/cats-effect-testing-scalatest_2.13/1.4.3/cats-effect-testing-scalatest_2.13-1.4.3.pom))), directCause=None), Incomplete(node=Some(Task((taskDefinitionKey: ScopedKey(Scope(Select(ProjectRef(file:/Users/ewanhardingham/dev/advent-of-code/,root)), Select(ConfigKey(runtime)), Zero, Zero),classpathConfiguration)))), tpe=Error, msg=None, causes=List(Incomplete(node=Some(Task((taskDefinitionKey: ScopedKey(Scope(Select(ProjectRef(file:/Users/ewanhardingham/dev/advent-of-code/,root)), Zero, Zero, Zero),update)))), tpe=Error, msg=None, causes=List(Incomplete(node=Some(Task((tags: Map(Tag(update) -> 1, Tag(network) -> 1), taskDefinitionKey: ScopedKey(Scope(Select(ProjectRef(file:/Users/ewanhardingham/dev/advent-of-code/,root)), Zero, Zero, Zero),update)))), tpe=Error, msg=None, causes=List(), directCause=Some(sbt.librarymanagement.ResolveException: Error downloading org.typelevel:cats-effect-testing-scalatest_2.13:1.4.3
[error]   Not found
[error]   Not found
[error]   not found: /Users/ewanhardingham/.ivy2/localorg.typelevel/cats-effect-testing-scalatest_2.13/1.4.3/ivys/ivy.xml
[error]   not found: https://repo1.maven.org/maven2/org/typelevel/cats-effect-testing-scalatest_2.13/1.4.3/cats-effect-testing-scalatest_2.13-1.4.3.pom))), directCause=None), Incomplete(node=Some(Task((taskDefinitionKey: ScopedKey(Scope(Select(ProjectRef(file:/Users/ewanhardingham/dev/advent-of-code/,root)), Select(ConfigKey(compile)), Zero, Zero),classpathConfiguration)))), tpe=Error, msg=None, causes=List(Incomplete(node=Some(Task((taskDefinitionKey: ScopedKey(Scope(Select(ProjectRef(file:/Users/ewanhardingham/dev/advent-of-code/,root)), Zero, Zero, Zero),update)))), tpe=Error, msg=None, causes=List(Incomplete(node=Some(Task((tags: Map(Tag(update) -> 1, Tag(network) -> 1), taskDefinitionKey: ScopedKey(Scope(Select(ProjectRef(file:/Users/ewanhardingham/dev/advent-of-code/,root)), Zero, Zero, Zero),update)))), tpe=Error, msg=None, causes=List(), directCause=Some(sbt.librarymanagement.ResolveException: Error downloading org.typelevel:cats-effect-testing-scalatest_2.13:1.4.3
[error]   Not found
[error]   Not found
[error]   not found: /Users/ewanhardingham/.ivy2/localorg.typelevel/cats-effect-testing-scalatest_2.13/1.4.3/ivys/ivy.xml
[error]   not found: https://repo1.maven.org/maven2/org/typelevel/cats-effect-testing-scalatest_2.13/1.4.3/cats-effect-testing-scalatest_2.13-1.4.3.pom))), directCause=None)), directCause=None)), directCause=None)), directCause=None)), directCause=None)), directCause=None)), directCause=None)), directCause=None), Incomplete(node=Some(Task((taskDefinitionKey: ScopedKey(Scope(Select(ProjectRef(file:/Users/ewanhardingham/dev/advent-of-code/,root)), Select(ConfigKey(test)), Zero, Zero),bloopInternalClasspath)))), tpe=Error, msg=None, causes=List(Incomplete(node=Some(Task(_)), tpe=Error, msg=None, causes=List(Incomplete(node=Some(Task((taskDefinitionKey: ScopedKey(Scope(Select(ProjectRef(file:/Users/ewanhardingham/dev/advent-of-code/,root)), Select(ConfigKey(test)), Zero, Zero),classpathConfiguration)))), tpe=Error, msg=None, causes=List(Incomplete(node=Some(Task((taskDefinitionKey: ScopedKey(Scope(Select(ProjectRef(file:/Users/ewanhardingham/dev/advent-of-code/,root)), Zero, Zero, Zero),update)))), tpe=Error, msg=None, causes=List(Incomplete(node=Some(Task((tags: Map(Tag(update) -> 1, Tag(network) -> 1), taskDefinitionKey: ScopedKey(Scope(Select(ProjectRef(file:/Users/ewanhardingham/dev/advent-of-code/,root)), Zero, Zero, Zero),update)))), tpe=Error, msg=None, causes=List(), directCause=Some(sbt.librarymanagement.ResolveException: Error downloading org.typelevel:cats-effect-testing-scalatest_2.13:1.4.3
[error]   Not found
[error]   Not found
[error]   not found: /Users/ewanhardingham/.ivy2/localorg.typelevel/cats-effect-testing-scalatest_2.13/1.4.3/ivys/ivy.xml
[error]   not found: https://repo1.maven.org/maven2/org/typelevel/cats-effect-testing-scalatest_2.13/1.4.3/cats-effect-testing-scalatest_2.13-1.4.3.pom))), directCause=None), Incomplete(node=Some(Task((taskDefinitionKey: ScopedKey(Scope(Select(ProjectRef(file:/Users/ewanhardingham/dev/advent-of-code/,root)), Select(ConfigKey(runtime)), Zero, Zero),classpathConfiguration)))), tpe=Error, msg=None, causes=List(Incomplete(node=Some(Task((taskDefinitionKey: ScopedKey(Scope(Select(ProjectRef(file:/Users/ewanhardingham/dev/advent-of-code/,root)), Zero, Zero, Zero),update)))), tpe=Error, msg=None, causes=List(Incomplete(node=Some(Task((tags: Map(Tag(update) -> 1, Tag(network) -> 1), taskDefinitionKey: ScopedKey(Scope(Select(ProjectRef(file:/Users/ewanhardingham/dev/advent-of-code/,root)), Zero, Zero, Zero),update)))), tpe=Error, msg=None, causes=List(), directCause=Some(sbt.librarymanagement.ResolveException: Error downloading org.typelevel:cats-effect-testing-scalatest_2.13:1.4.3
[error]   Not found
[error]   Not found
[error]   not found: /Users/ewanhardingham/.ivy2/localorg.typelevel/cats-effect-testing-scalatest_2.13/1.4.3/ivys/ivy.xml
[error]   not found: https://repo1.maven.org/maven2/org/typelevel/cats-effect-testing-scalatest_2.13/1.4.3/cats-effect-testing-scalatest_2.13-1.4.3.pom))), directCause=None), Incomplete(node=Some(Task((taskDefinitionKey: ScopedKey(Scope(Select(ProjectRef(file:/Users/ewanhardingham/dev/advent-of-code/,root)), Select(ConfigKey(compile)), Zero, Zero),classpathConfiguration)))), tpe=Error, msg=None, causes=List(Incomplete(node=Some(Task((taskDefinitionKey: ScopedKey(Scope(Select(ProjectRef(file:/Users/ewanhardingham/dev/advent-of-code/,root)), Zero, Zero, Zero),update)))), tpe=Error, msg=None, causes=List(Incomplete(node=Some(Task((tags: Map(Tag(update) -> 1, Tag(network) -> 1), taskDefinitionKey: ScopedKey(Scope(Select(ProjectRef(file:/Users/ewanhardingham/dev/advent-of-code/,root)), Zero, Zero, Zero),update)))), tpe=Error, msg=None, causes=List(), directCause=Some(sbt.librarymanagement.ResolveException: Error downloading org.typelevel:cats-effect-testing-scalatest_2.13:1.4.3
[error]   Not found
[error]   Not found
[error]   not found: /Users/ewanhardingham/.ivy2/localorg.typelevel/cats-effect-testing-scalatest_2.13/1.4.3/ivys/ivy.xml
[error]   not found: https://repo1.maven.org/maven2/org/typelevel/cats-effect-testing-scalatest_2.13/1.4.3/cats-effect-testing-scalatest_2.13-1.4.3.pom))), directCause=None)), directCause=None)), directCause=None)), directCause=None)), directCause=None)), directCause=None)), directCause=None), Incomplete(node=Some(Task((taskDefinitionKey: ScopedKey(Scope(Select(ProjectRef(file:/Users/ewanhardingham/dev/advent-of-code/,root)), Zero, Zero, Zero),scalaInstance)))), tpe=Error, msg=None, causes=List(Incomplete(node=Some(Task(_)), tpe=Error, msg=None, causes=List(Incomplete(node=Some(Task((taskDefinitionKey: ScopedKey(Scope(Select(ProjectRef(file:/Users/ewanhardingham/dev/advent-of-code/,root)), Zero, Zero, Zero),update)))), tpe=Error, msg=None, causes=List(Incomplete(node=Some(Task((tags: Map(Tag(update) -> 1, Tag(network) -> 1), taskDefinitionKey: ScopedKey(Scope(Select(ProjectRef(file:/Users/ewanhardingham/dev/advent-of-code/,root)), Zero, Zero, Zero),update)))), tpe=Error, msg=None, causes=List(), directCause=Some(sbt.librarymanagement.ResolveException: Error downloading org.typelevel:cats-effect-testing-scalatest_2.13:1.4.3
[error]   Not found
[error]   Not found
[error]   not found: /Users/ewanhardingham/.ivy2/localorg.typelevel/cats-effect-testing-scalatest_2.13/1.4.3/ivys/ivy.xml
[error]   not found: https://repo1.maven.org/maven2/org/typelevel/cats-effect-testing-scalatest_2.13/1.4.3/cats-effect-testing-scalatest_2.13-1.4.3.pom))), directCause=None)), directCause=None)), directCause=None)), directCause=None)
[error] Incomplete(node=Some(Task(_)), tpe=Error, msg=None, causes=List(Incomplete(node=Some(Task(_)), tpe=Error, msg=None, causes=List(Incomplete(node=Some(Task((tags: Map(Tag(update) -> 1, Tag(network) -> 1), taskDefinitionKey: ScopedKey(Scope(Select(ProjectRef(file:/Users/ewanhardingham/dev/advent-of-code/,root)), Zero, Zero, Zero),updateClassifiers)))), tpe=Error, msg=None, causes=List(Incomplete(node=Some(Task((taskDefinitionKey: ScopedKey(Scope(Select(ProjectRef(file:/Users/ewanhardingham/dev/advent-of-code/,root)), Zero, Select(updateClassifiers), Zero),classifiersModule)))), tpe=Error, msg=None, causes=List(Incomplete(node=Some(Task((taskDefinitionKey: ScopedKey(Scope(Select(ProjectRef(file:/Users/ewanhardingham/dev/advent-of-code/,root)), Zero, Zero, Zero),update)))), tpe=Error, msg=None, causes=List(Incomplete(node=Some(Task((tags: Map(Tag(update) -> 1, Tag(network) -> 1), taskDefinitionKey: ScopedKey(Scope(Select(ProjectRef(file:/Users/ewanhardingham/dev/advent-of-code/,root)), Zero, Zero, Zero),update)))), tpe=Error, msg=None, causes=List(), directCause=Some(sbt.librarymanagement.ResolveException: Error downloading org.typelevel:cats-effect-testing-scalatest_2.13:1.4.3
[error]   Not found
[error]   Not found
[error]   not found: /Users/ewanhardingham/.ivy2/localorg.typelevel/cats-effect-testing-scalatest_2.13/1.4.3/ivys/ivy.xml
[error]   not found: https://repo1.maven.org/maven2/org/typelevel/cats-effect-testing-scalatest_2.13/1.4.3/cats-effect-testing-scalatest_2.13-1.4.3.pom))), directCause=None)), directCause=None)), directCause=None)), directCause=None), Incomplete(node=Some(Task((taskDefinitionKey: ScopedKey(Scope(Select(ProjectRef(file:/Users/ewanhardingham/dev/advent-of-code/,root)), Zero, Zero, Zero),update)))), tpe=Error, msg=None, causes=List(Incomplete(node=Some(Task((tags: Map(Tag(update) -> 1, Tag(network) -> 1), taskDefinitionKey: ScopedKey(Scope(Select(ProjectRef(file:/Users/ewanhardingham/dev/advent-of-code/,root)), Zero, Zero, Zero),update)))), tpe=Error, msg=None, causes=List(), directCause=Some(sbt.librarymanagement.ResolveException: Error downloading org.typelevel:cats-effect-testing-scalatest_2.13:1.4.3
[error]   Not found
[error]   Not found
[error]   not found: /Users/ewanhardingham/.ivy2/localorg.typelevel/cats-effect-testing-scalatest_2.13/1.4.3/ivys/ivy.xml
[error]   not found: https://repo1.maven.org/maven2/org/typelevel/cats-effect-testing-scalatest_2.13/1.4.3/cats-effect-testing-scalatest_2.13-1.4.3.pom))), directCause=None), Incomplete(node=Some(Task(_)), tpe=Error, msg=None, causes=List(Incomplete(node=Some(Task(_)), tpe=Error, msg=None, causes=List(Incomplete(node=Some(Task((taskDefinitionKey: ScopedKey(Scope(Select(ProjectRef(file:/Users/ewanhardingham/dev/advent-of-code/,root)), Select(ConfigKey(compile)), Zero, Zero),externalDependencyClasspath)))), tpe=Error, msg=None, causes=List(Incomplete(node=Some(Task(_)), tpe=Error, msg=None, causes=List(Incomplete(node=Some(Task((taskDefinitionKey: ScopedKey(Scope(Select(ProjectRef(file:/Users/ewanhardingham/dev/advent-of-code/,root)), Select(ConfigKey(compile)), Zero, Zero),managedClasspath)))), tpe=Error, msg=None, causes=List(Incomplete(node=Some(Task(_)), tpe=Error, msg=None, causes=List(Incomplete(node=Some(Task((taskDefinitionKey: ScopedKey(Scope(Select(ProjectRef(file:/Users/ewanhardingham/dev/advent-of-code/,root)), Zero, Zero, Zero),update)))), tpe=Error, msg=None, causes=List(Incomplete(node=Some(Task((tags: Map(Tag(update) -> 1, Tag(network) -> 1), taskDefinitionKey: ScopedKey(Scope(Select(ProjectRef(file:/Users/ewanhardingham/dev/advent-of-code/,root)), Zero, Zero, Zero),update)))), tpe=Error, msg=None, causes=List(), directCause=Some(sbt.librarymanagement.ResolveException: Error downloading org.typelevel:cats-effect-testing-scalatest_2.13:1.4.3
[error]   Not found
[error]   Not found
[error]   not found: /Users/ewanhardingham/.ivy2/localorg.typelevel/cats-effect-testing-scalatest_2.13/1.4.3/ivys/ivy.xml
[error]   not found: https://repo1.maven.org/maven2/org/typelevel/cats-effect-testing-scalatest_2.13/1.4.3/cats-effect-testing-scalatest_2.13-1.4.3.pom))), directCause=None), Incomplete(node=Some(Task((taskDefinitionKey: ScopedKey(Scope(Select(ProjectRef(file:/Users/ewanhardingham/dev/advent-of-code/,root)), Select(ConfigKey(compile)), Zero, Zero),classpathConfiguration)))), tpe=Error, msg=None, causes=List(Incomplete(node=Some(Task((taskDefinitionKey: ScopedKey(Scope(Select(ProjectRef(file:/Users/ewanhardingham/dev/advent-of-code/,root)), Zero, Zero, Zero),update)))), tpe=Error, msg=None, causes=List(Incomplete(node=Some(Task((tags: Map(Tag(update) -> 1, Tag(network) -> 1), taskDefinitionKey: ScopedKey(Scope(Select(ProjectRef(file:/Users/ewanhardingham/dev/advent-of-code/,root)), Zero, Zero, Zero),update)))), tpe=Error, msg=None, causes=List(), directCause=Some(sbt.librarymanagement.ResolveException: Error downloading org.typelevel:cats-effect-testing-scalatest_2.13:1.4.3
[error]   Not found
[error]   Not found
[error]   not found: /Users/ewanhardingham/.ivy2/localorg.typelevel/cats-effect-testing-scalatest_2.13/1.4.3/ivys/ivy.xml
[error]   not found: https://repo1.maven.org/maven2/org/typelevel/cats-effect-testing-scalatest_2.13/1.4.3/cats-effect-testing-scalatest_2.13-1.4.3.pom))), directCause=None)), directCause=None)), directCause=None)), directCause=None)), directCause=None)), directCause=None)), directCause=None)), directCause=None), Incomplete(node=Some(Task((taskDefinitionKey: ScopedKey(Scope(Select(ProjectRef(file:/Users/ewanhardingham/dev/advent-of-code/,root)), Select(ConfigKey(compile)), Zero, Zero),bloopInternalClasspath)))), tpe=Error, msg=None, causes=List(Incomplete(node=Some(Task(_)), tpe=Error, msg=None, causes=List(Incomplete(node=Some(Task((taskDefinitionKey: ScopedKey(Scope(Select(ProjectRef(file:/Users/ewanhardingham/dev/advent-of-code/,root)), Select(ConfigKey(compile)), Zero, Zero),classpathConfiguration)))), tpe=Error, msg=None, causes=List(Incomplete(node=Some(Task((taskDefinitionKey: ScopedKey(Scope(Select(ProjectRef(file:/Users/ewanhardingham/dev/advent-of-code/,root)), Zero, Zero, Zero),update)))), tpe=Error, msg=None, causes=List(Incomplete(node=Some(Task((tags: Map(Tag(update) -> 1, Tag(network) -> 1), taskDefinitionKey: ScopedKey(Scope(Select(ProjectRef(file:/Users/ewanhardingham/dev/advent-of-code/,root)), Zero, Zero, Zero),update)))), tpe=Error, msg=None, causes=List(), directCause=Some(sbt.librarymanagement.ResolveException: Error downloading org.typelevel:cats-effect-testing-scalatest_2.13:1.4.3
[error]   Not found
[error]   Not found
[error]   not found: /Users/ewanhardingham/.ivy2/localorg.typelevel/cats-effect-testing-scalatest_2.13/1.4.3/ivys/ivy.xml
[error]   not found: https://repo1.maven.org/maven2/org/typelevel/cats-effect-testing-scalatest_2.13/1.4.3/cats-effect-testing-scalatest_2.13-1.4.3.pom))), directCause=None)), directCause=None)), directCause=None)), directCause=None), Incomplete(node=Some(Task((taskDefinitionKey: ScopedKey(Scope(Select(ProjectRef(file:/Users/ewanhardingham/dev/advent-of-code/,root)), Select(ConfigKey(compile)), Zero, Zero),scalacOptions)))), tpe=Error, msg=None, causes=List(Incomplete(node=Some(Task((taskDefinitionKey: ScopedKey(Scope(Select(ProjectRef(file:/Users/ewanhardingham/dev/advent-of-code/,root)), Select(ConfigKey(compile)), Zero, Zero),scalacOptions)))), tpe=Error, msg=None, causes=List(Incomplete(node=Some(Task((taskDefinitionKey: ScopedKey(Scope(Select(ProjectRef(file:/Users/ewanhardingham/dev/advent-of-code/,root)), Select(ConfigKey(compile)), Zero, Zero),scalacOptions)))), tpe=Error, msg=None, causes=List(Incomplete(node=Some(Task((taskDefinitionKey: ScopedKey(Scope(Select(ProjectRef(file:/Users/ewanhardingham/dev/advent-of-code/,root)), Select(ConfigKey(compile)), Zero, Zero),scalacOptions)))), tpe=Error, msg=None, causes=List(Incomplete(node=Some(Task((taskDefinitionKey: ScopedKey(Scope(Select(ProjectRef(file:/Users/ewanhardingham/dev/advent-of-code/,root)), Select(ConfigKey(compile)), Zero, Zero),scalacOptions)))), tpe=Error, msg=None, causes=List(Incomplete(node=Some(Task((taskDefinitionKey: ScopedKey(Scope(Select(ProjectRef(file:/Users/ewanhardingham/dev/advent-of-code/,root)), Zero, Zero, Zero),update)))), tpe=Error, msg=None, causes=List(Incomplete(node=Some(Task((tags: Map(Tag(update) -> 1, Tag(network) -> 1), taskDefinitionKey: ScopedKey(Scope(Select(ProjectRef(file:/Users/ewanhardingham/dev/advent-of-code/,root)), Zero, Zero, Zero),update)))), tpe=Error, msg=None, causes=List(), directCause=Some(sbt.librarymanagement.ResolveException: Error downloading org.typelevel:cats-effect-testing-scalatest_2.13:1.4.3
[error]   Not found
[error]   Not found
[error]   not found: /Users/ewanhardingham/.ivy2/localorg.typelevel/cats-effect-testing-scalatest_2.13/1.4.3/ivys/ivy.xml
[error]   not found: https://repo1.maven.org/maven2/org/typelevel/cats-effect-testing-scalatest_2.13/1.4.3/cats-effect-testing-scalatest_2.13-1.4.3.pom))), directCause=None)), directCause=None)), directCause=None)), directCause=None)), directCause=None)), directCause=None), Incomplete(node=Some(Task(_)), tpe=Error, msg=None, causes=List(Incomplete(node=Some(Task((taskDefinitionKey: ScopedKey(Scope(Select(ProjectRef(file:/Users/ewanhardingham/dev/advent-of-code/,root)), Select(ConfigKey(compile)), Zero, Zero),externalDependencyClasspath)))), tpe=Error, msg=None, causes=List(Incomplete(node=Some(Task(_)), tpe=Error, msg=None, causes=List(Incomplete(node=Some(Task((taskDefinitionKey: ScopedKey(Scope(Select(ProjectRef(file:/Users/ewanhardingham/dev/advent-of-code/,root)), Select(ConfigKey(compile)), Zero, Zero),managedClasspath)))), tpe=Error, msg=None, causes=List(Incomplete(node=Some(Task(_)), tpe=Error, msg=None, causes=List(Incomplete(node=Some(Task((taskDefinitionKey: ScopedKey(Scope(Select(ProjectRef(file:/Users/ewanhardingham/dev/advent-of-code/,root)), Zero, Zero, Zero),update)))), tpe=Error, msg=None, causes=List(Incomplete(node=Some(Task((tags: Map(Tag(update) -> 1, Tag(network) -> 1), taskDefinitionKey: ScopedKey(Scope(Select(ProjectRef(file:/Users/ewanhardingham/dev/advent-of-code/,root)), Zero, Zero, Zero),update)))), tpe=Error, msg=None, causes=List(), directCause=Some(sbt.librarymanagement.ResolveException: Error downloading org.typelevel:cats-effect-testing-scalatest_2.13:1.4.3
[error]   Not found
[error]   Not found
[error]   not found: /Users/ewanhardingham/.ivy2/localorg.typelevel/cats-effect-testing-scalatest_2.13/1.4.3/ivys/ivy.xml
[error]   not found: https://repo1.maven.org/maven2/org/typelevel/cats-effect-testing-scalatest_2.13/1.4.3/cats-effect-testing-scalatest_2.13-1.4.3.pom))), directCause=None), Incomplete(node=Some(Task((taskDefinitionKey: ScopedKey(Scope(Select(ProjectRef(file:/Users/ewanhardingham/dev/advent-of-code/,root)), Select(ConfigKey(compile)), Zero, Zero),classpathConfiguration)))), tpe=Error, msg=None, causes=List(Incomplete(node=Some(Task((taskDefinitionKey: ScopedKey(Scope(Select(ProjectRef(file:/Users/ewanhardingham/dev/advent-of-code/,root)), Zero, Zero, Zero),update)))), tpe=Error, msg=None, causes=List(Incomplete(node=Some(Task((tags: Map(Tag(update) -> 1, Tag(network) -> 1), taskDefinitionKey: ScopedKey(Scope(Select(ProjectRef(file:/Users/ewanhardingham/dev/advent-of-code/,root)), Zero, Zero, Zero),update)))), tpe=Error, msg=None, causes=List(), directCause=Some(sbt.librarymanagement.ResolveException: Error downloading org.typelevel:cats-effect-testing-scalatest_2.13:1.4.3
[error]   Not found
[error]   Not found
[error]   not found: /Users/ewanhardingham/.ivy2/localorg.typelevel/cats-effect-testing-scalatest_2.13/1.4.3/ivys/ivy.xml
[error]   not found: https://repo1.maven.org/maven2/org/typelevel/cats-effect-testing-scalatest_2.13/1.4.3/cats-effect-testing-scalatest_2.13-1.4.3.pom))), directCause=None)), directCause=None)), directCause=None)), directCause=None)), directCause=None)), directCause=None), Incomplete(node=Some(Task((taskDefinitionKey: ScopedKey(Scope(Select(ProjectRef(file:/Users/ewanhardingham/dev/advent-of-code/,root)), Select(ConfigKey(compile)), Zero, Zero),bloopInternalClasspath)))), tpe=Error, msg=None, causes=List(Incomplete(node=Some(Task(_)), tpe=Error, msg=None, causes=List(Incomplete(node=Some(Task((taskDefinitionKey: ScopedKey(Scope(Select(ProjectRef(file:/Users/ewanhardingham/dev/advent-of-code/,root)), Select(ConfigKey(compile)), Zero, Zero),classpathConfiguration)))), tpe=Error, msg=None, causes=List(Incomplete(node=Some(Task((taskDefinitionKey: ScopedKey(Scope(Select(ProjectRef(file:/Users/ewanhardingham/dev/advent-of-code/,root)), Zero, Zero, Zero),update)))), tpe=Error, msg=None, causes=List(Incomplete(node=Some(Task((tags: Map(Tag(update) -> 1, Tag(network) -> 1), taskDefinitionKey: ScopedKey(Scope(Select(ProjectRef(file:/Users/ewanhardingham/dev/advent-of-code/,root)), Zero, Zero, Zero),update)))), tpe=Error, msg=None, causes=List(), directCause=Some(sbt.librarymanagement.ResolveException: Error downloading org.typelevel:cats-effect-testing-scalatest_2.13:1.4.3
[error]   Not found
[error]   Not found
[error]   not found: /Users/ewanhardingham/.ivy2/localorg.typelevel/cats-effect-testing-scalatest_2.13/1.4.3/ivys/ivy.xml
[error]   not found: https://repo1.maven.org/maven2/org/typelevel/cats-effect-testing-scalatest_2.13/1.4.3/cats-effect-testing-scalatest_2.13-1.4.3.pom))), directCause=None)), directCause=None)), directCause=None)), directCause=None)), directCause=None), Incomplete(node=Some(Task((taskDefinitionKey: ScopedKey(Scope(Select(ProjectRef(file:/Users/ewanhardingham/dev/advent-of-code/,root)), Zero, Zero, Zero),scalaInstance)))), tpe=Error, msg=None, causes=List(Incomplete(node=Some(Task(_)), tpe=Error, msg=None, causes=List(Incomplete(node=Some(Task((taskDefinitionKey: ScopedKey(Scope(Select(ProjectRef(file:/Users/ewanhardingham/dev/advent-of-code/,root)), Zero, Zero, Zero),update)))), tpe=Error, msg=None, causes=List(Incomplete(node=Some(Task((tags: Map(Tag(update) -> 1, Tag(network) -> 1), taskDefinitionKey: ScopedKey(Scope(Select(ProjectRef(file:/Users/ewanhardingham/dev/advent-of-code/,root)), Zero, Zero, Zero),update)))), tpe=Error, msg=None, causes=List(), directCause=Some(sbt.librarymanagement.ResolveException: Error downloading org.typelevel:cats-effect-testing-scalatest_2.13:1.4.3
[error]   Not found
[error]   Not found
[error]   not found: /Users/ewanhardingham/.ivy2/localorg.typelevel/cats-effect-testing-scalatest_2.13/1.4.3/ivys/ivy.xml
[error]   not found: https://repo1.maven.org/maven2/org/typelevel/cats-effect-testing-scalatest_2.13/1.4.3/cats-effect-testing-scalatest_2.13-1.4.3.pom))), directCause=None)), directCause=None)), directCause=None)), directCause=None)
